2020-04-01 13:27:06,130 INFO org.springframework.boot.StartupInfoLogger [main] Starting AtsakymaiRepositoryTest on LAPTOP-1P3LTHV2 with PID 9492 (started by Vladimir in C:\Users\Vladimir\Downloads\ataskaita\ataskaita)
2020-04-01 13:27:06,146 INFO org.springframework.boot.SpringApplication [main] No active profile set, falling back to default profiles: default
2020-04-01 13:27:07,289 INFO org.springframework.data.repository.config.RepositoryConfigurationDelegate [main] Bootstrapping Spring Data JPA repositories in DEFAULT mode.
2020-04-01 13:27:07,390 INFO org.springframework.data.repository.config.RepositoryConfigurationDelegate [main] Finished Spring Data repository scanning in 87ms. Found 4 JPA repository interfaces.
2020-04-01 13:27:08,321 INFO org.hibernate.jpa.internal.util.LogHelper [main] HHH000204: Processing PersistenceUnitInfo [name: default]
2020-04-01 13:27:08,454 INFO org.hibernate.Version [main] HHH000412: Hibernate ORM core version 5.4.12.Final
2020-04-01 13:27:08,665 INFO org.hibernate.annotations.common.reflection.java.JavaReflectionManager [main] HCANN000001: Hibernate Commons Annotations {5.1.0.Final}
2020-04-01 13:27:09,157 INFO com.zaxxer.hikari.HikariDataSource [main] HikariPool-1 - Starting...
2020-04-01 13:27:09,432 INFO com.zaxxer.hikari.HikariDataSource [main] HikariPool-1 - Start completed.
2020-04-01 13:27:09,463 INFO org.hibernate.dialect.Dialect [main] HHH000400: Using dialect: org.hibernate.dialect.MySQL5Dialect
2020-04-01 13:27:10,537 INFO org.hibernate.engine.transaction.jta.platform.internal.JtaPlatformInitiator [main] HHH000490: Using JtaPlatform implementation: [org.hibernate.engine.transaction.jta.platform.internal.NoJtaPlatform]
2020-04-01 13:27:10,549 INFO org.springframework.orm.jpa.AbstractEntityManagerFactoryBean [main] Initialized JPA EntityManagerFactory for persistence unit 'default'
2020-04-01 13:27:11,450 WARN org.springframework.boot.autoconfigure.orm.jpa.JpaBaseConfiguration$JpaWebConfiguration [main] spring.jpa.open-in-view is enabled by default. Therefore, database queries may be performed during view rendering. Explicitly configure spring.jpa.open-in-view to disable this warning
2020-04-01 13:27:11,966 INFO org.springframework.scheduling.concurrent.ExecutorConfigurationSupport [main] Initializing ExecutorService 'applicationTaskExecutor'
2020-04-01 13:27:12,122 INFO org.springframework.boot.autoconfigure.web.servlet.WelcomePageHandlerMapping [main] Adding welcome page template: index
2020-04-01 13:27:12,821 INFO org.springframework.boot.StartupInfoLogger [main] Started AtsakymaiRepositoryTest in 7.217 seconds (JVM running for 8.757)
2020-04-01 13:27:13,370 WARN org.hibernate.engine.jdbc.spi.SqlExceptionHelper [main] SQL Error: 1452, SQLState: 23000
2020-04-01 13:27:13,371 ERROR org.hibernate.engine.jdbc.spi.SqlExceptionHelper [main] Cannot add or update a child row: a foreign key constraint fails (`testas`.`atsakymai`, CONSTRAINT `atsakymai_ibfk_1` FOREIGN KEY (`klausimai_id`) REFERENCES `klausimai` (`id`) ON DELETE CASCADE ON UPDATE CASCADE)
2020-04-01 13:27:13,403 WARN org.hibernate.engine.jdbc.spi.SqlExceptionHelper [main] SQL Error: 1452, SQLState: 23000
2020-04-01 13:27:13,404 ERROR org.hibernate.engine.jdbc.spi.SqlExceptionHelper [main] Cannot add or update a child row: a foreign key constraint fails (`testas`.`atsakymai`, CONSTRAINT `atsakymai_ibfk_1` FOREIGN KEY (`klausimai_id`) REFERENCES `klausimai` (`id`) ON DELETE CASCADE ON UPDATE CASCADE)
2020-04-01 13:27:13,423 WARN org.hibernate.engine.jdbc.spi.SqlExceptionHelper [main] SQL Error: 1452, SQLState: 23000
2020-04-01 13:27:13,424 ERROR org.hibernate.engine.jdbc.spi.SqlExceptionHelper [main] Cannot add or update a child row: a foreign key constraint fails (`testas`.`atsakymai`, CONSTRAINT `atsakymai_ibfk_1` FOREIGN KEY (`klausimai_id`) REFERENCES `klausimai` (`id`) ON DELETE CASCADE ON UPDATE CASCADE)
2020-04-01 13:27:13,443 INFO org.springframework.scheduling.concurrent.ExecutorConfigurationSupport [SpringContextShutdownHook] Shutting down ExecutorService 'applicationTaskExecutor'
2020-04-01 13:27:13,446 INFO org.springframework.orm.jpa.AbstractEntityManagerFactoryBean [SpringContextShutdownHook] Closing JPA EntityManagerFactory for persistence unit 'default'
2020-04-01 13:27:13,449 INFO com.zaxxer.hikari.HikariDataSource [SpringContextShutdownHook] HikariPool-1 - Shutdown initiated...
2020-04-01 13:27:13,464 INFO com.zaxxer.hikari.HikariDataSource [SpringContextShutdownHook] HikariPool-1 - Shutdown completed.
2020-04-01 13:28:31,993 INFO org.springframework.boot.StartupInfoLogger [main] Starting AtsakymaiRepositoryTest on LAPTOP-1P3LTHV2 with PID 20272 (started by Vladimir in C:\Users\Vladimir\Downloads\ataskaita\ataskaita)
2020-04-01 13:28:31,996 INFO org.springframework.boot.SpringApplication [main] No active profile set, falling back to default profiles: default
2020-04-01 13:28:33,010 INFO org.springframework.data.repository.config.RepositoryConfigurationDelegate [main] Bootstrapping Spring Data JPA repositories in DEFAULT mode.
2020-04-01 13:28:33,113 INFO org.springframework.data.repository.config.RepositoryConfigurationDelegate [main] Finished Spring Data repository scanning in 89ms. Found 4 JPA repository interfaces.
2020-04-01 13:28:34,049 INFO org.hibernate.jpa.internal.util.LogHelper [main] HHH000204: Processing PersistenceUnitInfo [name: default]
2020-04-01 13:28:34,172 INFO org.hibernate.Version [main] HHH000412: Hibernate ORM core version 5.4.12.Final
2020-04-01 13:28:34,389 INFO org.hibernate.annotations.common.reflection.java.JavaReflectionManager [main] HCANN000001: Hibernate Commons Annotations {5.1.0.Final}
2020-04-01 13:28:34,818 INFO com.zaxxer.hikari.HikariDataSource [main] HikariPool-1 - Starting...
2020-04-01 13:28:35,056 INFO com.zaxxer.hikari.HikariDataSource [main] HikariPool-1 - Start completed.
2020-04-01 13:28:35,080 INFO org.hibernate.dialect.Dialect [main] HHH000400: Using dialect: org.hibernate.dialect.MySQL5Dialect
2020-04-01 13:28:36,186 INFO org.hibernate.engine.transaction.jta.platform.internal.JtaPlatformInitiator [main] HHH000490: Using JtaPlatform implementation: [org.hibernate.engine.transaction.jta.platform.internal.NoJtaPlatform]
2020-04-01 13:28:36,198 INFO org.springframework.orm.jpa.AbstractEntityManagerFactoryBean [main] Initialized JPA EntityManagerFactory for persistence unit 'default'
2020-04-01 13:28:37,162 WARN org.springframework.boot.autoconfigure.orm.jpa.JpaBaseConfiguration$JpaWebConfiguration [main] spring.jpa.open-in-view is enabled by default. Therefore, database queries may be performed during view rendering. Explicitly configure spring.jpa.open-in-view to disable this warning
2020-04-01 13:28:37,623 INFO org.springframework.scheduling.concurrent.ExecutorConfigurationSupport [main] Initializing ExecutorService 'applicationTaskExecutor'
2020-04-01 13:28:37,805 INFO org.springframework.boot.autoconfigure.web.servlet.WelcomePageHandlerMapping [main] Adding welcome page template: index
2020-04-01 13:28:38,475 INFO org.springframework.boot.StartupInfoLogger [main] Started AtsakymaiRepositoryTest in 7.031 seconds (JVM running for 8.544)
2020-04-01 13:28:39,045 WARN org.hibernate.engine.jdbc.spi.SqlExceptionHelper [main] SQL Error: 1452, SQLState: 23000
2020-04-01 13:28:39,045 ERROR org.hibernate.engine.jdbc.spi.SqlExceptionHelper [main] Cannot add or update a child row: a foreign key constraint fails (`testas`.`atsakymai`, CONSTRAINT `atsakymai_ibfk_1` FOREIGN KEY (`klausimai_id`) REFERENCES `klausimai` (`id`) ON DELETE CASCADE ON UPDATE CASCADE)
2020-04-01 13:28:39,074 WARN org.hibernate.engine.jdbc.spi.SqlExceptionHelper [main] SQL Error: 1452, SQLState: 23000
2020-04-01 13:28:39,075 ERROR org.hibernate.engine.jdbc.spi.SqlExceptionHelper [main] Cannot add or update a child row: a foreign key constraint fails (`testas`.`atsakymai`, CONSTRAINT `atsakymai_ibfk_1` FOREIGN KEY (`klausimai_id`) REFERENCES `klausimai` (`id`) ON DELETE CASCADE ON UPDATE CASCADE)
2020-04-01 13:28:39,090 WARN org.hibernate.engine.jdbc.spi.SqlExceptionHelper [main] SQL Error: 1452, SQLState: 23000
2020-04-01 13:28:39,091 ERROR org.hibernate.engine.jdbc.spi.SqlExceptionHelper [main] Cannot add or update a child row: a foreign key constraint fails (`testas`.`atsakymai`, CONSTRAINT `atsakymai_ibfk_1` FOREIGN KEY (`klausimai_id`) REFERENCES `klausimai` (`id`) ON DELETE CASCADE ON UPDATE CASCADE)
2020-04-01 13:28:39,105 INFO org.springframework.scheduling.concurrent.ExecutorConfigurationSupport [SpringContextShutdownHook] Shutting down ExecutorService 'applicationTaskExecutor'
2020-04-01 13:28:39,108 INFO org.springframework.orm.jpa.AbstractEntityManagerFactoryBean [SpringContextShutdownHook] Closing JPA EntityManagerFactory for persistence unit 'default'
2020-04-01 13:28:39,112 INFO com.zaxxer.hikari.HikariDataSource [SpringContextShutdownHook] HikariPool-1 - Shutdown initiated...
2020-04-01 13:28:39,130 INFO com.zaxxer.hikari.HikariDataSource [SpringContextShutdownHook] HikariPool-1 - Shutdown completed.
2020-04-01 13:37:25,497 INFO org.springframework.boot.StartupInfoLogger [main] Starting AtsakymaiRepositoryTest on LAPTOP-1P3LTHV2 with PID 676 (started by Vladimir in C:\Users\Vladimir\Downloads\ataskaita\ataskaita)
2020-04-01 13:37:25,500 INFO org.springframework.boot.SpringApplication [main] No active profile set, falling back to default profiles: default
2020-04-01 13:37:26,481 INFO org.springframework.data.repository.config.RepositoryConfigurationDelegate [main] Bootstrapping Spring Data JPA repositories in DEFAULT mode.
2020-04-01 13:37:26,592 INFO org.springframework.data.repository.config.RepositoryConfigurationDelegate [main] Finished Spring Data repository scanning in 95ms. Found 4 JPA repository interfaces.
2020-04-01 13:37:27,497 INFO org.hibernate.jpa.internal.util.LogHelper [main] HHH000204: Processing PersistenceUnitInfo [name: default]
2020-04-01 13:37:27,628 INFO org.hibernate.Version [main] HHH000412: Hibernate ORM core version 5.4.12.Final
2020-04-01 13:37:27,850 INFO org.hibernate.annotations.common.reflection.java.JavaReflectionManager [main] HCANN000001: Hibernate Commons Annotations {5.1.0.Final}
2020-04-01 13:37:28,292 INFO com.zaxxer.hikari.HikariDataSource [main] HikariPool-1 - Starting...
2020-04-01 13:37:28,541 INFO com.zaxxer.hikari.HikariDataSource [main] HikariPool-1 - Start completed.
2020-04-01 13:37:28,564 INFO org.hibernate.dialect.Dialect [main] HHH000400: Using dialect: org.hibernate.dialect.MySQL5Dialect
2020-04-01 13:37:29,675 INFO org.hibernate.engine.transaction.jta.platform.internal.JtaPlatformInitiator [main] HHH000490: Using JtaPlatform implementation: [org.hibernate.engine.transaction.jta.platform.internal.NoJtaPlatform]
2020-04-01 13:37:29,686 INFO org.springframework.orm.jpa.AbstractEntityManagerFactoryBean [main] Initialized JPA EntityManagerFactory for persistence unit 'default'
2020-04-01 13:37:30,887 WARN org.springframework.boot.autoconfigure.orm.jpa.JpaBaseConfiguration$JpaWebConfiguration [main] spring.jpa.open-in-view is enabled by default. Therefore, database queries may be performed during view rendering. Explicitly configure spring.jpa.open-in-view to disable this warning
2020-04-01 13:37:31,406 INFO org.springframework.scheduling.concurrent.ExecutorConfigurationSupport [main] Initializing ExecutorService 'applicationTaskExecutor'
2020-04-01 13:37:31,618 INFO org.springframework.boot.autoconfigure.web.servlet.WelcomePageHandlerMapping [main] Adding welcome page template: index
2020-04-01 13:37:32,308 INFO org.springframework.boot.StartupInfoLogger [main] Started AtsakymaiRepositoryTest in 7.332 seconds (JVM running for 8.894)
2020-04-01 13:37:32,906 WARN org.hibernate.engine.jdbc.spi.SqlExceptionHelper [main] SQL Error: 1452, SQLState: 23000
2020-04-01 13:37:32,907 ERROR org.hibernate.engine.jdbc.spi.SqlExceptionHelper [main] Cannot add or update a child row: a foreign key constraint fails (`testas`.`atsakymai`, CONSTRAINT `atsakymai_ibfk_1` FOREIGN KEY (`klausimai_id`) REFERENCES `klausimai` (`id`) ON DELETE CASCADE ON UPDATE CASCADE)
2020-04-01 13:37:32,939 WARN org.hibernate.engine.jdbc.spi.SqlExceptionHelper [main] SQL Error: 1452, SQLState: 23000
2020-04-01 13:37:32,940 ERROR org.hibernate.engine.jdbc.spi.SqlExceptionHelper [main] Cannot add or update a child row: a foreign key constraint fails (`testas`.`atsakymai`, CONSTRAINT `atsakymai_ibfk_1` FOREIGN KEY (`klausimai_id`) REFERENCES `klausimai` (`id`) ON DELETE CASCADE ON UPDATE CASCADE)
2020-04-01 13:37:32,955 WARN org.hibernate.engine.jdbc.spi.SqlExceptionHelper [main] SQL Error: 1452, SQLState: 23000
2020-04-01 13:37:32,956 ERROR org.hibernate.engine.jdbc.spi.SqlExceptionHelper [main] Cannot add or update a child row: a foreign key constraint fails (`testas`.`atsakymai`, CONSTRAINT `atsakymai_ibfk_1` FOREIGN KEY (`klausimai_id`) REFERENCES `klausimai` (`id`) ON DELETE CASCADE ON UPDATE CASCADE)
2020-04-01 13:37:32,972 INFO org.springframework.scheduling.concurrent.ExecutorConfigurationSupport [SpringContextShutdownHook] Shutting down ExecutorService 'applicationTaskExecutor'
2020-04-01 13:37:32,974 INFO org.springframework.orm.jpa.AbstractEntityManagerFactoryBean [SpringContextShutdownHook] Closing JPA EntityManagerFactory for persistence unit 'default'
2020-04-01 13:37:32,978 INFO com.zaxxer.hikari.HikariDataSource [SpringContextShutdownHook] HikariPool-1 - Shutdown initiated...
2020-04-01 13:37:32,992 INFO com.zaxxer.hikari.HikariDataSource [SpringContextShutdownHook] HikariPool-1 - Shutdown completed.
2020-04-01 14:08:39,903 INFO org.springframework.boot.StartupInfoLogger [main] Starting AtaskaitaApplicationTests on LAPTOP-1P3LTHV2 with PID 21168 (started by Vladimir in C:\Users\Vladimir\Downloads\ataskaita\ataskaita)
2020-04-01 14:08:39,906 INFO org.springframework.boot.SpringApplication [main] No active profile set, falling back to default profiles: default
2020-04-01 14:08:40,897 INFO org.springframework.data.repository.config.RepositoryConfigurationDelegate [main] Bootstrapping Spring Data JPA repositories in DEFAULT mode.
2020-04-01 14:08:41,003 INFO org.springframework.data.repository.config.RepositoryConfigurationDelegate [main] Finished Spring Data repository scanning in 93ms. Found 4 JPA repository interfaces.
2020-04-01 14:08:41,967 INFO org.hibernate.jpa.internal.util.LogHelper [main] HHH000204: Processing PersistenceUnitInfo [name: default]
2020-04-01 14:08:42,092 INFO org.hibernate.Version [main] HHH000412: Hibernate ORM core version 5.4.12.Final
2020-04-01 14:08:42,320 INFO org.hibernate.annotations.common.reflection.java.JavaReflectionManager [main] HCANN000001: Hibernate Commons Annotations {5.1.0.Final}
2020-04-01 14:08:42,780 INFO com.zaxxer.hikari.HikariDataSource [main] HikariPool-1 - Starting...
2020-04-01 14:08:43,023 INFO com.zaxxer.hikari.HikariDataSource [main] HikariPool-1 - Start completed.
2020-04-01 14:08:43,047 INFO org.hibernate.dialect.Dialect [main] HHH000400: Using dialect: org.hibernate.dialect.MySQL5Dialect
2020-04-01 14:08:44,161 INFO org.hibernate.engine.transaction.jta.platform.internal.JtaPlatformInitiator [main] HHH000490: Using JtaPlatform implementation: [org.hibernate.engine.transaction.jta.platform.internal.NoJtaPlatform]
2020-04-01 14:08:44,173 INFO org.springframework.orm.jpa.AbstractEntityManagerFactoryBean [main] Initialized JPA EntityManagerFactory for persistence unit 'default'
2020-04-01 14:08:45,157 WARN org.springframework.boot.autoconfigure.orm.jpa.JpaBaseConfiguration$JpaWebConfiguration [main] spring.jpa.open-in-view is enabled by default. Therefore, database queries may be performed during view rendering. Explicitly configure spring.jpa.open-in-view to disable this warning
2020-04-01 14:08:45,665 INFO org.springframework.scheduling.concurrent.ExecutorConfigurationSupport [main] Initializing ExecutorService 'applicationTaskExecutor'
2020-04-01 14:08:45,852 INFO org.springframework.boot.autoconfigure.web.servlet.WelcomePageHandlerMapping [main] Adding welcome page template: index
2020-04-01 14:08:46,563 INFO org.springframework.boot.StartupInfoLogger [main] Started AtaskaitaApplicationTests in 7.198 seconds (JVM running for 8.842)
2020-04-01 14:08:46,917 INFO org.springframework.scheduling.concurrent.ExecutorConfigurationSupport [SpringContextShutdownHook] Shutting down ExecutorService 'applicationTaskExecutor'
2020-04-01 14:08:46,921 INFO org.springframework.orm.jpa.AbstractEntityManagerFactoryBean [SpringContextShutdownHook] Closing JPA EntityManagerFactory for persistence unit 'default'
2020-04-01 14:08:46,924 INFO com.zaxxer.hikari.HikariDataSource [SpringContextShutdownHook] HikariPool-1 - Shutdown initiated...
2020-04-01 14:08:46,959 INFO com.zaxxer.hikari.HikariDataSource [SpringContextShutdownHook] HikariPool-1 - Shutdown completed.
2020-04-01 16:33:09,017 INFO org.springframework.boot.StartupInfoLogger [main] Starting AtsakymaiRepositoryTest on LAPTOP-1P3LTHV2 with PID 12572 (started by Vladimir in C:\Users\Vladimir\Downloads\ataskaita\ataskaita)
2020-04-01 16:33:09,020 INFO org.springframework.boot.SpringApplication [main] No active profile set, falling back to default profiles: default
2020-04-01 16:33:10,004 INFO org.springframework.data.repository.config.RepositoryConfigurationDelegate [main] Bootstrapping Spring Data JPA repositories in DEFAULT mode.
2020-04-01 16:33:10,104 INFO org.springframework.data.repository.config.RepositoryConfigurationDelegate [main] Finished Spring Data repository scanning in 87ms. Found 4 JPA repository interfaces.
2020-04-01 16:33:11,010 INFO org.hibernate.jpa.internal.util.LogHelper [main] HHH000204: Processing PersistenceUnitInfo [name: default]
2020-04-01 16:33:11,135 INFO org.hibernate.Version [main] HHH000412: Hibernate ORM core version 5.4.12.Final
2020-04-01 16:33:11,347 INFO org.hibernate.annotations.common.reflection.java.JavaReflectionManager [main] HCANN000001: Hibernate Commons Annotations {5.1.0.Final}
2020-04-01 16:33:11,770 INFO com.zaxxer.hikari.HikariDataSource [main] HikariPool-1 - Starting...
2020-04-01 16:33:11,987 INFO com.zaxxer.hikari.HikariDataSource [main] HikariPool-1 - Start completed.
2020-04-01 16:33:12,010 INFO org.hibernate.dialect.Dialect [main] HHH000400: Using dialect: org.hibernate.dialect.MySQL5Dialect
2020-04-01 16:33:13,115 INFO org.hibernate.engine.transaction.jta.platform.internal.JtaPlatformInitiator [main] HHH000490: Using JtaPlatform implementation: [org.hibernate.engine.transaction.jta.platform.internal.NoJtaPlatform]
2020-04-01 16:33:13,127 INFO org.springframework.orm.jpa.AbstractEntityManagerFactoryBean [main] Initialized JPA EntityManagerFactory for persistence unit 'default'
2020-04-01 16:33:14,014 WARN org.springframework.boot.autoconfigure.orm.jpa.JpaBaseConfiguration$JpaWebConfiguration [main] spring.jpa.open-in-view is enabled by default. Therefore, database queries may be performed during view rendering. Explicitly configure spring.jpa.open-in-view to disable this warning
2020-04-01 16:33:14,505 INFO org.springframework.scheduling.concurrent.ExecutorConfigurationSupport [main] Initializing ExecutorService 'applicationTaskExecutor'
2020-04-01 16:33:14,658 INFO org.springframework.boot.autoconfigure.web.servlet.WelcomePageHandlerMapping [main] Adding welcome page template: index
2020-04-01 16:33:15,315 INFO org.springframework.boot.StartupInfoLogger [main] Started AtsakymaiRepositoryTest in 6.818 seconds (JVM running for 8.346)
2020-04-01 16:33:15,889 WARN org.hibernate.engine.jdbc.spi.SqlExceptionHelper [main] SQL Error: 1452, SQLState: 23000
2020-04-01 16:33:15,890 ERROR org.hibernate.engine.jdbc.spi.SqlExceptionHelper [main] Cannot add or update a child row: a foreign key constraint fails (`testas`.`atsakymai`, CONSTRAINT `atsakymai_ibfk_1` FOREIGN KEY (`klausimai_id`) REFERENCES `klausimai` (`id`) ON DELETE CASCADE ON UPDATE CASCADE)
2020-04-01 16:33:15,918 WARN org.hibernate.engine.jdbc.spi.SqlExceptionHelper [main] SQL Error: 1452, SQLState: 23000
2020-04-01 16:33:15,919 ERROR org.hibernate.engine.jdbc.spi.SqlExceptionHelper [main] Cannot add or update a child row: a foreign key constraint fails (`testas`.`atsakymai`, CONSTRAINT `atsakymai_ibfk_1` FOREIGN KEY (`klausimai_id`) REFERENCES `klausimai` (`id`) ON DELETE CASCADE ON UPDATE CASCADE)
2020-04-01 16:33:15,935 WARN org.hibernate.engine.jdbc.spi.SqlExceptionHelper [main] SQL Error: 1452, SQLState: 23000
2020-04-01 16:33:15,935 ERROR org.hibernate.engine.jdbc.spi.SqlExceptionHelper [main] Cannot add or update a child row: a foreign key constraint fails (`testas`.`atsakymai`, CONSTRAINT `atsakymai_ibfk_1` FOREIGN KEY (`klausimai_id`) REFERENCES `klausimai` (`id`) ON DELETE CASCADE ON UPDATE CASCADE)
2020-04-01 16:33:15,952 INFO org.springframework.scheduling.concurrent.ExecutorConfigurationSupport [SpringContextShutdownHook] Shutting down ExecutorService 'applicationTaskExecutor'
2020-04-01 16:33:15,954 INFO org.springframework.orm.jpa.AbstractEntityManagerFactoryBean [SpringContextShutdownHook] Closing JPA EntityManagerFactory for persistence unit 'default'
2020-04-01 16:33:15,957 INFO com.zaxxer.hikari.HikariDataSource [SpringContextShutdownHook] HikariPool-1 - Shutdown initiated...
2020-04-01 16:33:15,971 INFO com.zaxxer.hikari.HikariDataSource [SpringContextShutdownHook] HikariPool-1 - Shutdown completed.
2020-04-01 21:36:04,207 INFO org.springframework.boot.StartupInfoLogger [main] Starting AtsakymaiRepositoryTest on LAPTOP-1P3LTHV2 with PID 13540 (started by Vladimir in C:\Users\Vladimir\Downloads\ataskaita\ataskaita)
2020-04-01 21:36:04,210 INFO org.springframework.boot.SpringApplication [main] No active profile set, falling back to default profiles: default
2020-04-01 21:36:05,548 INFO org.springframework.data.repository.config.RepositoryConfigurationDelegate [main] Bootstrapping Spring Data JPA repositories in DEFAULT mode.
2020-04-01 21:36:05,702 INFO org.springframework.data.repository.config.RepositoryConfigurationDelegate [main] Finished Spring Data repository scanning in 139ms. Found 4 JPA repository interfaces.
2020-04-01 21:36:06,295 INFO org.springframework.boot.StartupInfoLogger [main] Starting AtsakymaiRepositoryTest on LAPTOP-1P3LTHV2 with PID 15256 (started by Vladimir in C:\Users\Vladimir\Downloads\ataskaita\ataskaita)
2020-04-01 21:36:06,295 INFO org.springframework.boot.SpringApplication [main] No active profile set, falling back to default profiles: default
2020-04-01 21:36:07,412 INFO org.hibernate.jpa.internal.util.LogHelper [main] HHH000204: Processing PersistenceUnitInfo [name: default]
2020-04-01 21:36:07,574 INFO org.hibernate.Version [main] HHH000412: Hibernate ORM core version 5.4.12.Final
2020-04-01 21:36:07,780 INFO org.springframework.data.repository.config.RepositoryConfigurationDelegate [main] Bootstrapping Spring Data JPA repositories in DEFAULT mode.
2020-04-01 21:36:07,857 INFO org.hibernate.annotations.common.reflection.java.JavaReflectionManager [main] HCANN000001: Hibernate Commons Annotations {5.1.0.Final}
2020-04-01 21:36:07,916 INFO org.springframework.data.repository.config.RepositoryConfigurationDelegate [main] Finished Spring Data repository scanning in 117ms. Found 4 JPA repository interfaces.
2020-04-01 21:36:08,420 INFO com.zaxxer.hikari.HikariDataSource [main] HikariPool-1 - Starting...
2020-04-01 21:36:08,679 INFO com.zaxxer.hikari.HikariDataSource [main] HikariPool-1 - Start completed.
2020-04-01 21:36:08,702 INFO org.hibernate.dialect.Dialect [main] HHH000400: Using dialect: org.hibernate.dialect.MySQL5Dialect
2020-04-01 21:36:09,097 INFO org.hibernate.jpa.internal.util.LogHelper [main] HHH000204: Processing PersistenceUnitInfo [name: default]
2020-04-01 21:36:09,246 INFO org.hibernate.Version [main] HHH000412: Hibernate ORM core version 5.4.12.Final
2020-04-01 21:36:09,486 INFO org.hibernate.annotations.common.reflection.java.JavaReflectionManager [main] HCANN000001: Hibernate Commons Annotations {5.1.0.Final}
2020-04-01 21:36:09,986 INFO com.zaxxer.hikari.HikariDataSource [main] HikariPool-1 - Starting...
2020-04-01 21:36:10,073 INFO org.hibernate.engine.transaction.jta.platform.internal.JtaPlatformInitiator [main] HHH000490: Using JtaPlatform implementation: [org.hibernate.engine.transaction.jta.platform.internal.NoJtaPlatform]
2020-04-01 21:36:10,089 INFO org.springframework.orm.jpa.AbstractEntityManagerFactoryBean [main] Initialized JPA EntityManagerFactory for persistence unit 'default'
2020-04-01 21:36:10,281 INFO com.zaxxer.hikari.HikariDataSource [main] HikariPool-1 - Start completed.
2020-04-01 21:36:10,313 INFO org.hibernate.dialect.Dialect [main] HHH000400: Using dialect: org.hibernate.dialect.MySQL5Dialect
2020-04-01 21:36:11,226 WARN org.springframework.boot.autoconfigure.orm.jpa.JpaBaseConfiguration$JpaWebConfiguration [main] spring.jpa.open-in-view is enabled by default. Therefore, database queries may be performed during view rendering. Explicitly configure spring.jpa.open-in-view to disable this warning
2020-04-01 21:36:11,771 INFO org.springframework.scheduling.concurrent.ExecutorConfigurationSupport [main] Initializing ExecutorService 'applicationTaskExecutor'
2020-04-01 21:36:11,827 INFO org.hibernate.engine.transaction.jta.platform.internal.JtaPlatformInitiator [main] HHH000490: Using JtaPlatform implementation: [org.hibernate.engine.transaction.jta.platform.internal.NoJtaPlatform]
2020-04-01 21:36:11,853 INFO org.springframework.orm.jpa.AbstractEntityManagerFactoryBean [main] Initialized JPA EntityManagerFactory for persistence unit 'default'
2020-04-01 21:36:12,032 INFO org.springframework.boot.autoconfigure.web.servlet.WelcomePageHandlerMapping [main] Adding welcome page template: index
2020-04-01 21:36:13,215 INFO org.springframework.boot.StartupInfoLogger [main] Started AtsakymaiRepositoryTest in 9.874 seconds (JVM running for 11.935)
2020-04-01 21:36:13,503 WARN org.springframework.boot.autoconfigure.orm.jpa.JpaBaseConfiguration$JpaWebConfiguration [main] spring.jpa.open-in-view is enabled by default. Therefore, database queries may be performed during view rendering. Explicitly configure spring.jpa.open-in-view to disable this warning
2020-04-01 21:36:14,134 INFO org.springframework.scheduling.concurrent.ExecutorConfigurationSupport [main] Initializing ExecutorService 'applicationTaskExecutor'
2020-04-01 21:36:14,216 WARN org.hibernate.engine.jdbc.spi.SqlExceptionHelper [main] SQL Error: 1452, SQLState: 23000
2020-04-01 21:36:14,217 ERROR org.hibernate.engine.jdbc.spi.SqlExceptionHelper [main] Cannot add or update a child row: a foreign key constraint fails (`testas`.`atsakymai`, CONSTRAINT `atsakymai_ibfk_1` FOREIGN KEY (`klausimai_id`) REFERENCES `klausimai` (`id`) ON DELETE CASCADE ON UPDATE CASCADE)
2020-04-01 21:36:14,270 WARN org.hibernate.engine.jdbc.spi.SqlExceptionHelper [main] SQL Error: 1452, SQLState: 23000
2020-04-01 21:36:14,272 ERROR org.hibernate.engine.jdbc.spi.SqlExceptionHelper [main] Cannot add or update a child row: a foreign key constraint fails (`testas`.`atsakymai`, CONSTRAINT `atsakymai_ibfk_1` FOREIGN KEY (`klausimai_id`) REFERENCES `klausimai` (`id`) ON DELETE CASCADE ON UPDATE CASCADE)
2020-04-01 21:36:14,310 WARN org.hibernate.engine.jdbc.spi.SqlExceptionHelper [main] SQL Error: 1452, SQLState: 23000
2020-04-01 21:36:14,310 ERROR org.hibernate.engine.jdbc.spi.SqlExceptionHelper [main] Cannot add or update a child row: a foreign key constraint fails (`testas`.`atsakymai`, CONSTRAINT `atsakymai_ibfk_1` FOREIGN KEY (`klausimai_id`) REFERENCES `klausimai` (`id`) ON DELETE CASCADE ON UPDATE CASCADE)
2020-04-01 21:36:14,334 INFO org.springframework.scheduling.concurrent.ExecutorConfigurationSupport [SpringContextShutdownHook] Shutting down ExecutorService 'applicationTaskExecutor'
2020-04-01 21:36:14,339 INFO org.springframework.orm.jpa.AbstractEntityManagerFactoryBean [SpringContextShutdownHook] Closing JPA EntityManagerFactory for persistence unit 'default'
2020-04-01 21:36:14,343 INFO com.zaxxer.hikari.HikariDataSource [SpringContextShutdownHook] HikariPool-1 - Shutdown initiated...
2020-04-01 21:36:14,366 INFO com.zaxxer.hikari.HikariDataSource [SpringContextShutdownHook] HikariPool-1 - Shutdown completed.
2020-04-01 21:36:14,466 INFO org.springframework.boot.autoconfigure.web.servlet.WelcomePageHandlerMapping [main] Adding welcome page template: index
2020-04-01 21:36:15,242 INFO org.springframework.boot.StartupInfoLogger [main] Started AtsakymaiRepositoryTest in 9.633 seconds (JVM running for 11.946)
2020-04-01 21:36:15,806 WARN org.hibernate.engine.jdbc.spi.SqlExceptionHelper [main] SQL Error: 1452, SQLState: 23000
2020-04-01 21:36:15,807 ERROR org.hibernate.engine.jdbc.spi.SqlExceptionHelper [main] Cannot add or update a child row: a foreign key constraint fails (`testas`.`atsakymai`, CONSTRAINT `atsakymai_ibfk_1` FOREIGN KEY (`klausimai_id`) REFERENCES `klausimai` (`id`) ON DELETE CASCADE ON UPDATE CASCADE)
2020-04-01 21:36:15,840 WARN org.hibernate.engine.jdbc.spi.SqlExceptionHelper [main] SQL Error: 1452, SQLState: 23000
2020-04-01 21:36:15,841 ERROR org.hibernate.engine.jdbc.spi.SqlExceptionHelper [main] Cannot add or update a child row: a foreign key constraint fails (`testas`.`atsakymai`, CONSTRAINT `atsakymai_ibfk_1` FOREIGN KEY (`klausimai_id`) REFERENCES `klausimai` (`id`) ON DELETE CASCADE ON UPDATE CASCADE)
2020-04-01 21:36:15,860 WARN org.hibernate.engine.jdbc.spi.SqlExceptionHelper [main] SQL Error: 1452, SQLState: 23000
2020-04-01 21:36:15,860 ERROR org.hibernate.engine.jdbc.spi.SqlExceptionHelper [main] Cannot add or update a child row: a foreign key constraint fails (`testas`.`atsakymai`, CONSTRAINT `atsakymai_ibfk_1` FOREIGN KEY (`klausimai_id`) REFERENCES `klausimai` (`id`) ON DELETE CASCADE ON UPDATE CASCADE)
2020-04-01 21:36:15,878 INFO org.springframework.scheduling.concurrent.ExecutorConfigurationSupport [SpringContextShutdownHook] Shutting down ExecutorService 'applicationTaskExecutor'
2020-04-01 21:36:15,880 INFO org.springframework.orm.jpa.AbstractEntityManagerFactoryBean [SpringContextShutdownHook] Closing JPA EntityManagerFactory for persistence unit 'default'
2020-04-01 21:36:15,884 INFO com.zaxxer.hikari.HikariDataSource [SpringContextShutdownHook] HikariPool-1 - Shutdown initiated...
2020-04-01 21:36:15,902 INFO com.zaxxer.hikari.HikariDataSource [SpringContextShutdownHook] HikariPool-1 - Shutdown completed.
2020-04-01 21:52:42,370 INFO org.springframework.boot.StartupInfoLogger [main] Starting AtsakymaiRepositoryTest on LAPTOP-1P3LTHV2 with PID 17404 (started by Vladimir in C:\Users\Vladimir\Downloads\ataskaita\ataskaita)
2020-04-01 21:52:42,373 INFO org.springframework.boot.SpringApplication [main] No active profile set, falling back to default profiles: default
2020-04-01 21:52:43,338 INFO org.springframework.data.repository.config.RepositoryConfigurationDelegate [main] Bootstrapping Spring Data JPA repositories in DEFAULT mode.
2020-04-01 21:52:43,443 INFO org.springframework.data.repository.config.RepositoryConfigurationDelegate [main] Finished Spring Data repository scanning in 92ms. Found 4 JPA repository interfaces.
2020-04-01 21:52:44,328 INFO org.hibernate.jpa.internal.util.LogHelper [main] HHH000204: Processing PersistenceUnitInfo [name: default]
2020-04-01 21:52:44,452 INFO org.hibernate.Version [main] HHH000412: Hibernate ORM core version 5.4.12.Final
2020-04-01 21:52:44,670 INFO org.hibernate.annotations.common.reflection.java.JavaReflectionManager [main] HCANN000001: Hibernate Commons Annotations {5.1.0.Final}
2020-04-01 21:52:45,107 INFO com.zaxxer.hikari.HikariDataSource [main] HikariPool-1 - Starting...
2020-04-01 21:52:45,321 INFO com.zaxxer.hikari.HikariDataSource [main] HikariPool-1 - Start completed.
2020-04-01 21:52:45,344 INFO org.hibernate.dialect.Dialect [main] HHH000400: Using dialect: org.hibernate.dialect.MySQL5Dialect
2020-04-01 21:52:46,466 INFO org.hibernate.engine.transaction.jta.platform.internal.JtaPlatformInitiator [main] HHH000490: Using JtaPlatform implementation: [org.hibernate.engine.transaction.jta.platform.internal.NoJtaPlatform]
2020-04-01 21:52:46,478 INFO org.springframework.orm.jpa.AbstractEntityManagerFactoryBean [main] Initialized JPA EntityManagerFactory for persistence unit 'default'
2020-04-01 21:52:47,406 WARN org.springframework.boot.autoconfigure.orm.jpa.JpaBaseConfiguration$JpaWebConfiguration [main] spring.jpa.open-in-view is enabled by default. Therefore, database queries may be performed during view rendering. Explicitly configure spring.jpa.open-in-view to disable this warning
2020-04-01 21:52:47,886 INFO org.springframework.scheduling.concurrent.ExecutorConfigurationSupport [main] Initializing ExecutorService 'applicationTaskExecutor'
2020-04-01 21:52:48,057 INFO org.springframework.boot.autoconfigure.web.servlet.WelcomePageHandlerMapping [main] Adding welcome page template: index
2020-04-01 21:52:48,754 INFO org.springframework.boot.StartupInfoLogger [main] Started AtsakymaiRepositoryTest in 6.905 seconds (JVM running for 8.45)
2020-04-01 21:52:49,285 WARN org.hibernate.engine.jdbc.spi.SqlExceptionHelper [main] SQL Error: 1452, SQLState: 23000
2020-04-01 21:52:49,286 ERROR org.hibernate.engine.jdbc.spi.SqlExceptionHelper [main] Cannot add or update a child row: a foreign key constraint fails (`testas`.`atsakymai`, CONSTRAINT `atsakymai_ibfk_1` FOREIGN KEY (`klausimai_id`) REFERENCES `klausimai` (`id`) ON DELETE CASCADE ON UPDATE CASCADE)
2020-04-01 21:52:49,316 WARN org.hibernate.engine.jdbc.spi.SqlExceptionHelper [main] SQL Error: 1452, SQLState: 23000
2020-04-01 21:52:49,317 ERROR org.hibernate.engine.jdbc.spi.SqlExceptionHelper [main] Cannot add or update a child row: a foreign key constraint fails (`testas`.`atsakymai`, CONSTRAINT `atsakymai_ibfk_1` FOREIGN KEY (`klausimai_id`) REFERENCES `klausimai` (`id`) ON DELETE CASCADE ON UPDATE CASCADE)
2020-04-01 21:52:49,334 WARN org.hibernate.engine.jdbc.spi.SqlExceptionHelper [main] SQL Error: 1452, SQLState: 23000
2020-04-01 21:52:49,335 ERROR org.hibernate.engine.jdbc.spi.SqlExceptionHelper [main] Cannot add or update a child row: a foreign key constraint fails (`testas`.`atsakymai`, CONSTRAINT `atsakymai_ibfk_1` FOREIGN KEY (`klausimai_id`) REFERENCES `klausimai` (`id`) ON DELETE CASCADE ON UPDATE CASCADE)
2020-04-01 21:52:49,351 INFO org.springframework.scheduling.concurrent.ExecutorConfigurationSupport [SpringContextShutdownHook] Shutting down ExecutorService 'applicationTaskExecutor'
2020-04-01 21:52:49,353 INFO org.springframework.orm.jpa.AbstractEntityManagerFactoryBean [SpringContextShutdownHook] Closing JPA EntityManagerFactory for persistence unit 'default'
2020-04-01 21:52:49,357 INFO com.zaxxer.hikari.HikariDataSource [SpringContextShutdownHook] HikariPool-1 - Shutdown initiated...
2020-04-01 21:52:49,371 INFO com.zaxxer.hikari.HikariDataSource [SpringContextShutdownHook] HikariPool-1 - Shutdown completed.
2020-04-01 21:53:30,443 INFO org.springframework.boot.StartupInfoLogger [main] Starting AtsakymaiRepositoryTest on LAPTOP-1P3LTHV2 with PID 12784 (started by Vladimir in C:\Users\Vladimir\Downloads\ataskaita\ataskaita)
2020-04-01 21:53:30,446 INFO org.springframework.boot.SpringApplication [main] No active profile set, falling back to default profiles: default
2020-04-01 21:53:31,088 INFO org.springframework.data.repository.config.RepositoryConfigurationDelegate [main] Bootstrapping Spring Data JPA repositories in DEFAULT mode.
2020-04-01 21:53:31,154 INFO org.springframework.data.repository.config.RepositoryConfigurationDelegate [main] Finished Spring Data repository scanning in 58ms. Found 4 JPA repository interfaces.
2020-04-01 21:53:31,778 INFO org.hibernate.jpa.internal.util.LogHelper [main] HHH000204: Processing PersistenceUnitInfo [name: default]
2020-04-01 21:53:31,857 INFO org.hibernate.Version [main] HHH000412: Hibernate ORM core version 5.4.12.Final
2020-04-01 21:53:31,990 INFO org.hibernate.annotations.common.reflection.java.JavaReflectionManager [main] HCANN000001: Hibernate Commons Annotations {5.1.0.Final}
2020-04-01 21:53:32,263 INFO com.zaxxer.hikari.HikariDataSource [main] HikariPool-1 - Starting...
2020-04-01 21:53:32,405 INFO com.zaxxer.hikari.HikariDataSource [main] HikariPool-1 - Start completed.
2020-04-01 21:53:32,420 INFO org.hibernate.dialect.Dialect [main] HHH000400: Using dialect: org.hibernate.dialect.MySQL5Dialect
2020-04-01 21:53:33,124 INFO org.hibernate.engine.transaction.jta.platform.internal.JtaPlatformInitiator [main] HHH000490: Using JtaPlatform implementation: [org.hibernate.engine.transaction.jta.platform.internal.NoJtaPlatform]
2020-04-01 21:53:33,133 INFO org.springframework.orm.jpa.AbstractEntityManagerFactoryBean [main] Initialized JPA EntityManagerFactory for persistence unit 'default'
2020-04-01 21:53:33,756 WARN org.springframework.boot.autoconfigure.orm.jpa.JpaBaseConfiguration$JpaWebConfiguration [main] spring.jpa.open-in-view is enabled by default. Therefore, database queries may be performed during view rendering. Explicitly configure spring.jpa.open-in-view to disable this warning
2020-04-01 21:53:34,033 INFO org.springframework.scheduling.concurrent.ExecutorConfigurationSupport [main] Initializing ExecutorService 'applicationTaskExecutor'
2020-04-01 21:53:34,176 INFO org.springframework.boot.autoconfigure.web.servlet.WelcomePageHandlerMapping [main] Adding welcome page template: index
2020-04-01 21:53:34,685 INFO org.springframework.boot.StartupInfoLogger [main] Started AtsakymaiRepositoryTest in 4.573 seconds (JVM running for 5.53)
2020-04-01 21:53:35,105 WARN org.hibernate.engine.jdbc.spi.SqlExceptionHelper [main] SQL Error: 1452, SQLState: 23000
2020-04-01 21:53:35,106 ERROR org.hibernate.engine.jdbc.spi.SqlExceptionHelper [main] Cannot add or update a child row: a foreign key constraint fails (`testas`.`atsakymai`, CONSTRAINT `atsakymai_ibfk_1` FOREIGN KEY (`klausimai_id`) REFERENCES `klausimai` (`id`) ON DELETE CASCADE ON UPDATE CASCADE)
2020-04-01 21:53:35,128 WARN org.hibernate.engine.jdbc.spi.SqlExceptionHelper [main] SQL Error: 1452, SQLState: 23000
2020-04-01 21:53:35,128 ERROR org.hibernate.engine.jdbc.spi.SqlExceptionHelper [main] Cannot add or update a child row: a foreign key constraint fails (`testas`.`atsakymai`, CONSTRAINT `atsakymai_ibfk_1` FOREIGN KEY (`klausimai_id`) REFERENCES `klausimai` (`id`) ON DELETE CASCADE ON UPDATE CASCADE)
2020-04-01 21:53:35,142 WARN org.hibernate.engine.jdbc.spi.SqlExceptionHelper [main] SQL Error: 1452, SQLState: 23000
2020-04-01 21:53:35,142 ERROR org.hibernate.engine.jdbc.spi.SqlExceptionHelper [main] Cannot add or update a child row: a foreign key constraint fails (`testas`.`atsakymai`, CONSTRAINT `atsakymai_ibfk_1` FOREIGN KEY (`klausimai_id`) REFERENCES `klausimai` (`id`) ON DELETE CASCADE ON UPDATE CASCADE)
2020-04-01 21:53:35,157 INFO org.springframework.scheduling.concurrent.ExecutorConfigurationSupport [SpringContextShutdownHook] Shutting down ExecutorService 'applicationTaskExecutor'
2020-04-01 21:53:35,158 INFO org.springframework.orm.jpa.AbstractEntityManagerFactoryBean [SpringContextShutdownHook] Closing JPA EntityManagerFactory for persistence unit 'default'
2020-04-01 21:53:35,162 INFO com.zaxxer.hikari.HikariDataSource [SpringContextShutdownHook] HikariPool-1 - Shutdown initiated...
2020-04-01 21:53:35,175 INFO com.zaxxer.hikari.HikariDataSource [SpringContextShutdownHook] HikariPool-1 - Shutdown completed.
