2020-03-25 12:44:09,728 INFO org.springframework.boot.StartupInfoLogger [main] Starting MitybaiApplication on LAPTOP-1P3LTHV2 with PID 17512 (C:\Users\Vladimir\Downloads\Mityba-master\Mityba-master\target\classes started by Vladimir in C:\Users\Vladimir\Downloads\Mityba-master\Mityba-master)
2020-03-25 12:44:09,731 INFO org.springframework.boot.SpringApplication [main] No active profile set, falling back to default profiles: default
2020-03-25 12:44:10,386 INFO org.springframework.data.repository.config.RepositoryConfigurationDelegate [main] Bootstrapping Spring Data JPA repositories in DEFAULT mode.
2020-03-25 12:44:10,451 INFO org.springframework.data.repository.config.RepositoryConfigurationDelegate [main] Finished Spring Data repository scanning in 53ms. Found 4 JPA repository interfaces.
2020-03-25 12:44:10,765 INFO org.springframework.context.support.PostProcessorRegistrationDelegate$BeanPostProcessorChecker [main] Bean 'org.springframework.transaction.annotation.ProxyTransactionManagementConfiguration' of type [org.springframework.transaction.annotation.ProxyTransactionManagementConfiguration] is not eligible for getting processed by all BeanPostProcessors (for example: not eligible for auto-proxying)
2020-03-25 12:44:11,211 INFO org.springframework.boot.web.embedded.tomcat.TomcatWebServer [main] Tomcat initialized with port(s): 8080 (http)
2020-03-25 12:44:11,219 INFO org.apache.juli.logging.DirectJDKLog [main] Initializing ProtocolHandler ["http-nio-8080"]
2020-03-25 12:44:11,220 INFO org.apache.juli.logging.DirectJDKLog [main] Starting service [Tomcat]
2020-03-25 12:44:11,220 INFO org.apache.juli.logging.DirectJDKLog [main] Starting Servlet engine: [Apache Tomcat/9.0.30]
2020-03-25 12:44:11,356 INFO org.apache.juli.logging.DirectJDKLog [main] Initializing Spring embedded WebApplicationContext
2020-03-25 12:44:11,356 INFO org.springframework.boot.web.servlet.context.ServletWebServerApplicationContext [main] Root WebApplicationContext: initialization completed in 1577 ms
2020-03-25 12:44:11,527 INFO org.hibernate.jpa.internal.util.LogHelper [main] HHH000204: Processing PersistenceUnitInfo [name: default]
2020-03-25 12:44:11,605 INFO org.hibernate.Version [main] HHH000412: Hibernate Core {5.4.10.Final}
2020-03-25 12:44:11,714 INFO org.hibernate.annotations.common.reflection.java.JavaReflectionManager [main] HCANN000001: Hibernate Commons Annotations {5.1.0.Final}
2020-03-25 12:44:11,829 INFO com.zaxxer.hikari.HikariDataSource [main] HikariPool-1 - Starting...
2020-03-25 12:44:11,969 INFO com.zaxxer.hikari.HikariDataSource [main] HikariPool-1 - Start completed.
2020-03-25 12:44:11,984 INFO org.hibernate.dialect.Dialect [main] HHH000400: Using dialect: org.hibernate.dialect.MySQL5Dialect
2020-03-25 12:44:12,629 INFO org.hibernate.engine.transaction.jta.platform.internal.JtaPlatformInitiator [main] HHH000490: Using JtaPlatform implementation: [org.hibernate.engine.transaction.jta.platform.internal.NoJtaPlatform]
2020-03-25 12:44:12,634 INFO org.springframework.orm.jpa.AbstractEntityManagerFactoryBean [main] Initialized JPA EntityManagerFactory for persistence unit 'default'
2020-03-25 12:44:13,122 WARN org.springframework.boot.autoconfigure.orm.jpa.JpaBaseConfiguration$JpaWebConfiguration [main] spring.jpa.open-in-view is enabled by default. Therefore, database queries may be performed during view rendering. Explicitly configure spring.jpa.open-in-view to disable this warning
2020-03-25 12:44:13,248 INFO org.springframework.scheduling.concurrent.ExecutorConfigurationSupport [main] Initializing ExecutorService 'applicationTaskExecutor'
2020-03-25 12:44:13,322 INFO org.springframework.boot.autoconfigure.web.servlet.WelcomePageHandlerMapping [main] Adding welcome page template: index
2020-03-25 12:44:13,515 INFO org.apache.juli.logging.DirectJDKLog [main] Starting ProtocolHandler ["http-nio-8080"]
2020-03-25 12:44:13,712 INFO org.springframework.boot.web.embedded.tomcat.TomcatWebServer [main] Tomcat started on port(s): 8080 (http) with context path ''
2020-03-25 12:44:13,715 INFO org.springframework.boot.StartupInfoLogger [main] Started MitybaiApplication in 4.386 seconds (JVM running for 4.719)
2020-03-25 12:46:44,032 INFO org.apache.juli.logging.DirectJDKLog [http-nio-8080-exec-1] Initializing Spring DispatcherServlet 'dispatcherServlet'
2020-03-25 12:46:44,033 INFO org.springframework.web.servlet.FrameworkServlet [http-nio-8080-exec-1] Initializing Servlet 'dispatcherServlet'
2020-03-25 12:46:44,042 INFO org.springframework.web.servlet.FrameworkServlet [http-nio-8080-exec-1] Completed initialization in 8 ms
2020-03-25 21:59:51,920 INFO org.springframework.boot.StartupInfoLogger [main] Starting MitybaiApplication on LAPTOP-1P3LTHV2 with PID 15692 (C:\Users\Vladimir\Downloads\Mityba-master\Mityba-master\target\classes started by Vladimir in C:\Users\Vladimir\Downloads\Mityba-master\Mityba-master)
2020-03-25 21:59:51,925 INFO org.springframework.boot.SpringApplication [main] No active profile set, falling back to default profiles: default
2020-03-25 21:59:53,054 INFO org.springframework.data.repository.config.RepositoryConfigurationDelegate [main] Bootstrapping Spring Data JPA repositories in DEFAULT mode.
2020-03-25 21:59:53,156 INFO org.springframework.data.repository.config.RepositoryConfigurationDelegate [main] Finished Spring Data repository scanning in 90ms. Found 4 JPA repository interfaces.
2020-03-25 21:59:53,711 INFO org.springframework.context.support.PostProcessorRegistrationDelegate$BeanPostProcessorChecker [main] Bean 'org.springframework.transaction.annotation.ProxyTransactionManagementConfiguration' of type [org.springframework.transaction.annotation.ProxyTransactionManagementConfiguration] is not eligible for getting processed by all BeanPostProcessors (for example: not eligible for auto-proxying)
2020-03-25 21:59:54,452 INFO org.springframework.boot.web.embedded.tomcat.TomcatWebServer [main] Tomcat initialized with port(s): 8080 (http)
2020-03-25 21:59:54,466 INFO org.apache.juli.logging.DirectJDKLog [main] Initializing ProtocolHandler ["http-nio-8080"]
2020-03-25 21:59:54,467 INFO org.apache.juli.logging.DirectJDKLog [main] Starting service [Tomcat]
2020-03-25 21:59:54,468 INFO org.apache.juli.logging.DirectJDKLog [main] Starting Servlet engine: [Apache Tomcat/9.0.30]
2020-03-25 21:59:54,673 INFO org.apache.juli.logging.DirectJDKLog [main] Initializing Spring embedded WebApplicationContext
2020-03-25 21:59:54,673 INFO org.springframework.boot.web.servlet.context.ServletWebServerApplicationContext [main] Root WebApplicationContext: initialization completed in 2675 ms
2020-03-25 21:59:54,951 INFO org.hibernate.jpa.internal.util.LogHelper [main] HHH000204: Processing PersistenceUnitInfo [name: default]
2020-03-25 21:59:55,092 INFO org.hibernate.Version [main] HHH000412: Hibernate Core {5.4.10.Final}
2020-03-25 21:59:55,323 INFO org.hibernate.annotations.common.reflection.java.JavaReflectionManager [main] HCANN000001: Hibernate Commons Annotations {5.1.0.Final}
2020-03-25 21:59:55,521 INFO com.zaxxer.hikari.HikariDataSource [main] HikariPool-1 - Starting...
2020-03-25 21:59:55,777 INFO com.zaxxer.hikari.HikariDataSource [main] HikariPool-1 - Start completed.
2020-03-25 21:59:55,801 INFO org.hibernate.dialect.Dialect [main] HHH000400: Using dialect: org.hibernate.dialect.MySQL5Dialect
2020-03-25 21:59:56,931 INFO org.hibernate.engine.transaction.jta.platform.internal.JtaPlatformInitiator [main] HHH000490: Using JtaPlatform implementation: [org.hibernate.engine.transaction.jta.platform.internal.NoJtaPlatform]
2020-03-25 21:59:56,941 INFO org.springframework.orm.jpa.AbstractEntityManagerFactoryBean [main] Initialized JPA EntityManagerFactory for persistence unit 'default'
2020-03-25 21:59:57,556 WARN org.springframework.boot.autoconfigure.orm.jpa.JpaBaseConfiguration$JpaWebConfiguration [main] spring.jpa.open-in-view is enabled by default. Therefore, database queries may be performed during view rendering. Explicitly configure spring.jpa.open-in-view to disable this warning
2020-03-25 21:59:57,737 INFO org.springframework.scheduling.concurrent.ExecutorConfigurationSupport [main] Initializing ExecutorService 'applicationTaskExecutor'
2020-03-25 21:59:57,849 INFO org.springframework.boot.autoconfigure.web.servlet.WelcomePageHandlerMapping [main] Adding welcome page template: index
2020-03-25 21:59:58,137 INFO org.apache.juli.logging.DirectJDKLog [main] Starting ProtocolHandler ["http-nio-8080"]
2020-03-25 21:59:58,422 INFO org.springframework.boot.web.embedded.tomcat.TomcatWebServer [main] Tomcat started on port(s): 8080 (http) with context path ''
2020-03-25 21:59:58,425 INFO org.springframework.boot.StartupInfoLogger [main] Started MitybaiApplication in 7.198 seconds (JVM running for 7.859)
2020-03-25 22:03:15,159 INFO org.springframework.boot.StartupInfoLogger [main] Starting MitybaiApplication on LAPTOP-1P3LTHV2 with PID 17972 (C:\Users\Vladimir\Downloads\Mityba-master\Mityba-master\target\classes started by Vladimir in C:\Users\Vladimir\Downloads\Mityba-master\Mityba-master)
2020-03-25 22:03:15,164 INFO org.springframework.boot.SpringApplication [main] No active profile set, falling back to default profiles: default
2020-03-25 22:03:16,122 INFO org.springframework.data.repository.config.RepositoryConfigurationDelegate [main] Bootstrapping Spring Data JPA repositories in DEFAULT mode.
2020-03-25 22:03:16,217 INFO org.springframework.data.repository.config.RepositoryConfigurationDelegate [main] Finished Spring Data repository scanning in 82ms. Found 4 JPA repository interfaces.
2020-03-25 22:03:16,703 INFO org.springframework.context.support.PostProcessorRegistrationDelegate$BeanPostProcessorChecker [main] Bean 'org.springframework.transaction.annotation.ProxyTransactionManagementConfiguration' of type [org.springframework.transaction.annotation.ProxyTransactionManagementConfiguration] is not eligible for getting processed by all BeanPostProcessors (for example: not eligible for auto-proxying)
2020-03-25 22:03:17,373 INFO org.springframework.boot.web.embedded.tomcat.TomcatWebServer [main] Tomcat initialized with port(s): 8080 (http)
2020-03-25 22:03:17,386 INFO org.apache.juli.logging.DirectJDKLog [main] Initializing ProtocolHandler ["http-nio-8080"]
2020-03-25 22:03:17,387 INFO org.apache.juli.logging.DirectJDKLog [main] Starting service [Tomcat]
2020-03-25 22:03:17,387 INFO org.apache.juli.logging.DirectJDKLog [main] Starting Servlet engine: [Apache Tomcat/9.0.30]
2020-03-25 22:03:17,593 INFO org.apache.juli.logging.DirectJDKLog [main] Initializing Spring embedded WebApplicationContext
2020-03-25 22:03:17,593 INFO org.springframework.boot.web.servlet.context.ServletWebServerApplicationContext [main] Root WebApplicationContext: initialization completed in 2365 ms
2020-03-25 22:03:17,828 INFO org.hibernate.jpa.internal.util.LogHelper [main] HHH000204: Processing PersistenceUnitInfo [name: default]
2020-03-25 22:03:17,945 INFO org.hibernate.Version [main] HHH000412: Hibernate Core {5.4.10.Final}
2020-03-25 22:03:18,114 INFO org.hibernate.annotations.common.reflection.java.JavaReflectionManager [main] HCANN000001: Hibernate Commons Annotations {5.1.0.Final}
2020-03-25 22:03:18,273 INFO com.zaxxer.hikari.HikariDataSource [main] HikariPool-1 - Starting...
2020-03-25 22:03:18,467 INFO com.zaxxer.hikari.HikariDataSource [main] HikariPool-1 - Start completed.
2020-03-25 22:03:18,487 INFO org.hibernate.dialect.Dialect [main] HHH000400: Using dialect: org.hibernate.dialect.MySQL5Dialect
2020-03-25 22:03:19,515 INFO org.hibernate.engine.transaction.jta.platform.internal.JtaPlatformInitiator [main] HHH000490: Using JtaPlatform implementation: [org.hibernate.engine.transaction.jta.platform.internal.NoJtaPlatform]
2020-03-25 22:03:19,524 INFO org.springframework.orm.jpa.AbstractEntityManagerFactoryBean [main] Initialized JPA EntityManagerFactory for persistence unit 'default'
2020-03-25 22:03:20,110 WARN org.springframework.boot.autoconfigure.orm.jpa.JpaBaseConfiguration$JpaWebConfiguration [main] spring.jpa.open-in-view is enabled by default. Therefore, database queries may be performed during view rendering. Explicitly configure spring.jpa.open-in-view to disable this warning
2020-03-25 22:03:20,300 INFO org.springframework.scheduling.concurrent.ExecutorConfigurationSupport [main] Initializing ExecutorService 'applicationTaskExecutor'
2020-03-25 22:03:20,407 INFO org.springframework.boot.autoconfigure.web.servlet.WelcomePageHandlerMapping [main] Adding welcome page template: index
2020-03-25 22:03:20,689 INFO org.apache.juli.logging.DirectJDKLog [main] Starting ProtocolHandler ["http-nio-8080"]
2020-03-25 22:03:20,952 INFO org.apache.juli.logging.DirectJDKLog [main] Pausing ProtocolHandler ["http-nio-8080"]
2020-03-25 22:03:20,952 INFO org.apache.juli.logging.DirectJDKLog [main] Stopping service [Tomcat]
2020-03-25 22:03:20,957 INFO org.apache.juli.logging.DirectJDKLog [main] Stopping ProtocolHandler ["http-nio-8080"]
2020-03-25 22:03:20,958 INFO org.apache.juli.logging.DirectJDKLog [main] Destroying ProtocolHandler ["http-nio-8080"]
2020-03-25 22:03:20,961 INFO org.springframework.boot.autoconfigure.logging.ConditionEvaluationReportLoggingListener [main] 

Error starting ApplicationContext. To display the conditions report re-run your application with 'debug' enabled.
2020-03-25 22:03:20,963 ERROR org.springframework.boot.diagnostics.LoggingFailureAnalysisReporter [main] 

***************************
APPLICATION FAILED TO START
***************************

Description:

Web server failed to start. Port 8080 was already in use.

Action:

Identify and stop the process that's listening on port 8080 or configure this application to listen on another port.

2020-03-25 22:03:20,966 INFO org.springframework.scheduling.concurrent.ExecutorConfigurationSupport [main] Shutting down ExecutorService 'applicationTaskExecutor'
2020-03-25 22:03:20,969 INFO org.springframework.orm.jpa.AbstractEntityManagerFactoryBean [main] Closing JPA EntityManagerFactory for persistence unit 'default'
2020-03-25 22:03:20,972 INFO com.zaxxer.hikari.HikariDataSource [main] HikariPool-1 - Shutdown initiated...
2020-03-25 22:03:20,991 INFO com.zaxxer.hikari.HikariDataSource [main] HikariPool-1 - Shutdown completed.
2020-03-25 22:04:52,792 INFO org.apache.juli.logging.DirectJDKLog [http-nio-8080-exec-1] Initializing Spring DispatcherServlet 'dispatcherServlet'
2020-03-25 22:04:52,794 INFO org.springframework.web.servlet.FrameworkServlet [http-nio-8080-exec-1] Initializing Servlet 'dispatcherServlet'
2020-03-25 22:04:52,804 INFO org.springframework.web.servlet.FrameworkServlet [http-nio-8080-exec-1] Completed initialization in 10 ms
2020-03-25 23:19:57,243 WARN com.zaxxer.hikari.pool.HikariPool$HouseKeeper [HikariPool-1 housekeeper] HikariPool-1 - Thread starvation or clock leap detected (housekeeper delta=1h4m31s340ms438µs400ns).
