2020-04-02 16:56:00,263 INFO org.springframework.boot.StartupInfoLogger [main] Starting MitybaiApplication on LAPTOP-1P3LTHV2 with PID 21516 (C:\Users\Vladimir\Downloads\Mityba-master\Mityba-master\target\classes started by Vladimir in C:\Users\Vladimir\Downloads\Mityba-master\Mityba-master)
2020-04-02 16:56:00,272 INFO org.springframework.boot.SpringApplication [main] No active profile set, falling back to default profiles: default
2020-04-02 16:56:01,202 INFO org.springframework.data.repository.config.RepositoryConfigurationDelegate [main] Bootstrapping Spring Data JPA repositories in DEFAULT mode.
2020-04-02 16:56:01,310 INFO org.springframework.data.repository.config.RepositoryConfigurationDelegate [main] Finished Spring Data repository scanning in 95ms. Found 4 JPA repository interfaces.
2020-04-02 16:56:01,806 INFO org.springframework.context.support.PostProcessorRegistrationDelegate$BeanPostProcessorChecker [main] Bean 'org.springframework.transaction.annotation.ProxyTransactionManagementConfiguration' of type [org.springframework.transaction.annotation.ProxyTransactionManagementConfiguration] is not eligible for getting processed by all BeanPostProcessors (for example: not eligible for auto-proxying)
2020-04-02 16:56:02,455 INFO org.springframework.boot.web.embedded.tomcat.TomcatWebServer [main] Tomcat initialized with port(s): 8080 (http)
2020-04-02 16:56:02,469 INFO org.apache.juli.logging.DirectJDKLog [main] Initializing ProtocolHandler ["http-nio-8080"]
2020-04-02 16:56:02,470 INFO org.apache.juli.logging.DirectJDKLog [main] Starting service [Tomcat]
2020-04-02 16:56:02,470 INFO org.apache.juli.logging.DirectJDKLog [main] Starting Servlet engine: [Apache Tomcat/9.0.30]
2020-04-02 16:56:02,697 INFO org.apache.juli.logging.DirectJDKLog [main] Initializing Spring embedded WebApplicationContext
2020-04-02 16:56:02,697 INFO org.springframework.boot.web.servlet.context.ServletWebServerApplicationContext [main] Root WebApplicationContext: initialization completed in 2359 ms
2020-04-02 16:56:02,933 INFO org.hibernate.jpa.internal.util.LogHelper [main] HHH000204: Processing PersistenceUnitInfo [name: default]
2020-04-02 16:56:03,062 INFO org.hibernate.Version [main] HHH000412: Hibernate Core {5.4.10.Final}
2020-04-02 16:56:03,289 INFO org.hibernate.annotations.common.reflection.java.JavaReflectionManager [main] HCANN000001: Hibernate Commons Annotations {5.1.0.Final}
2020-04-02 16:56:03,478 INFO com.zaxxer.hikari.HikariDataSource [main] HikariPool-1 - Starting...
2020-04-02 16:56:03,700 INFO com.zaxxer.hikari.HikariDataSource [main] HikariPool-1 - Start completed.
2020-04-02 16:56:03,757 INFO org.hibernate.dialect.Dialect [main] HHH000400: Using dialect: org.hibernate.dialect.MySQL5Dialect
2020-04-02 16:56:04,806 INFO org.hibernate.engine.transaction.jta.platform.internal.JtaPlatformInitiator [main] HHH000490: Using JtaPlatform implementation: [org.hibernate.engine.transaction.jta.platform.internal.NoJtaPlatform]
2020-04-02 16:56:04,815 INFO org.springframework.orm.jpa.AbstractEntityManagerFactoryBean [main] Initialized JPA EntityManagerFactory for persistence unit 'default'
2020-04-02 16:56:05,382 WARN org.springframework.boot.autoconfigure.orm.jpa.JpaBaseConfiguration$JpaWebConfiguration [main] spring.jpa.open-in-view is enabled by default. Therefore, database queries may be performed during view rendering. Explicitly configure spring.jpa.open-in-view to disable this warning
2020-04-02 16:56:05,545 INFO org.springframework.scheduling.concurrent.ExecutorConfigurationSupport [main] Initializing ExecutorService 'applicationTaskExecutor'
2020-04-02 16:56:05,664 INFO org.springframework.boot.autoconfigure.web.servlet.WelcomePageHandlerMapping [main] Adding welcome page template: index
2020-04-02 16:56:05,934 INFO org.apache.juli.logging.DirectJDKLog [main] Starting ProtocolHandler ["http-nio-8080"]
2020-04-02 16:56:06,242 INFO org.springframework.boot.web.embedded.tomcat.TomcatWebServer [main] Tomcat started on port(s): 8080 (http) with context path ''
2020-04-02 16:56:06,244 INFO org.springframework.boot.StartupInfoLogger [main] Started MitybaiApplication in 6.626 seconds (JVM running for 7.153)
2020-04-02 16:56:26,465 INFO org.apache.juli.logging.DirectJDKLog [http-nio-8080-exec-1] Initializing Spring DispatcherServlet 'dispatcherServlet'
2020-04-02 16:56:26,467 INFO org.springframework.web.servlet.FrameworkServlet [http-nio-8080-exec-1] Initializing Servlet 'dispatcherServlet'
2020-04-02 16:56:26,477 INFO org.springframework.web.servlet.FrameworkServlet [http-nio-8080-exec-1] Completed initialization in 9 ms
2020-04-02 21:14:36,751 WARN com.zaxxer.hikari.pool.HikariPool$HouseKeeper [HikariPool-1 housekeeper] HikariPool-1 - Thread starvation or clock leap detected (housekeeper delta=3h43m6s400ms234µs700ns).
